{"/Users/wangzhili/myOpenSource/immutability-skinable-component/testHelper/jsdomHelper.js":{"path":"/Users/wangzhili/myOpenSource/immutability-skinable-component/testHelper/jsdomHelper.js","s":{"1":1,"2":1,"3":0,"4":1,"5":1,"6":1,"7":1},"b":{"1":[0,1],"2":[1,1]},"f":{"1":1},"fnMap":{"1":{"name":"(anonymous_1)","line":3,"loc":{"start":{"line":1,"column":2},"end":{"line":1,"column":18}}}},"statementMap":{"1":{"start":{"line":1,"column":-15},"end":{"line":12,"column":2}},"2":{"start":{"line":2,"column":1},"end":{"line":4,"column":2}},"3":{"start":{"line":3,"column":2},"end":{"line":3,"column":9}},"4":{"start":{"line":6,"column":1},"end":{"line":6,"column":36}},"5":{"start":{"line":7,"column":1},"end":{"line":7,"column":37}},"6":{"start":{"line":8,"column":1},"end":{"line":8,"column":45}},"7":{"start":{"line":9,"column":1},"end":{"line":11,"column":3}}},"branchMap":{"1":{"line":4,"type":"if","locations":[{"start":{"line":2,"column":1},"end":{"line":2,"column":1}},{"start":{"line":2,"column":1},"end":{"line":2,"column":1}}]},"2":{"line":9,"type":"binary-expr","locations":[{"start":{"line":7,"column":25},"end":{"line":7,"column":29}},{"start":{"line":7,"column":33},"end":{"line":7,"column":35}}]}}},"/Users/wangzhili/myOpenSource/immutability-skinable-component/src/index.js":{"path":"/Users/wangzhili/myOpenSource/immutability-skinable-component/src/index.js","s":{"1":1,"2":1,"3":1,"4":6,"5":6,"6":6,"7":6,"8":6,"9":6,"10":1,"11":1,"12":1,"13":1,"14":0,"15":1,"16":1,"17":1,"18":1,"19":1,"20":1,"21":1,"22":2,"23":1,"24":1,"25":0,"26":1,"27":1,"28":1,"29":1,"30":1,"31":1,"32":1,"33":1,"34":1,"35":1,"36":1,"37":1,"38":1,"39":1,"40":1,"41":1,"42":1,"43":1,"44":1,"45":1,"46":1,"47":1,"48":1,"49":2,"50":1,"51":1,"52":1,"53":2,"54":2,"55":2,"56":1,"57":1,"58":1,"59":0,"60":1,"61":1,"62":1,"63":2,"64":2,"65":1,"66":4,"67":4,"68":4,"69":4,"70":4,"71":2,"72":2,"73":2,"74":2,"75":4,"76":4,"77":4,"78":4,"79":4,"80":0,"81":4,"82":16,"83":16,"84":16,"85":16,"86":16,"87":16,"88":8,"89":8,"90":8,"91":4,"92":0,"93":8,"94":8,"95":8,"96":12,"97":8,"98":8,"99":8,"100":7,"101":0,"102":12,"103":8,"104":1,"105":1,"106":2,"107":2,"108":2,"109":2,"110":2,"111":1,"112":1,"113":1,"114":1,"115":1},"b":{"1":[6,6],"2":[6,0],"3":[1,0],"4":[0,1],"5":[1,1],"6":[2,2],"7":[0,1],"8":[1,1],"9":[1,0],"10":[1,0],"11":[0,1],"12":[0,0],"13":[1,0],"14":[16,0],"15":[8,8],"16":[4,4],"17":[8,0],"18":[8,0],"19":[8,4],"20":[12,9],"21":[7,1],"22":[8,0],"23":[2,0]},"f":{"1":1,"2":1,"3":1,"4":2,"5":1,"6":1,"7":1,"8":1,"9":2,"10":2,"11":1,"12":1,"13":2,"14":2,"15":4,"16":4,"17":0,"18":16,"19":12,"20":2,"21":2,"22":1},"fnMap":{"1":{"name":"(anonymous_1)","line":3,"loc":{"start":{"line":0,"column":0},"end":{"line":0,"column":0},"skip":true},"skip":true},"2":{"name":"defineProperties","line":3,"loc":{"start":{"line":0,"column":0},"end":{"line":0,"column":0},"skip":true},"skip":true},"3":{"name":"(anonymous_3)","line":3,"loc":{"start":{"line":0,"column":0},"end":{"line":0,"column":0},"skip":true},"skip":true},"4":{"name":"_interopRequireDefault","line":17,"loc":{"start":{"line":0,"column":0},"end":{"line":0,"column":0},"skip":true},"skip":true},"5":{"name":"_classCallCheck","line":19,"loc":{"start":{"line":0,"column":0},"end":{"line":0,"column":0},"skip":true},"skip":true},"6":{"name":"(anonymous_6)","line":37,"loc":{"start":{"line":10,"column":15},"end":{"line":10,"column":15}}},"7":{"name":"SkinMaker","line":38,"loc":{"start":{"line":12,"column":1},"end":{"line":12,"column":20}}},"8":{"name":"registerSkins","line":46,"loc":{"start":{"line":0,"column":0},"end":{"line":0,"column":0},"skip":true},"skip":true},"9":{"name":"createWidgets","line":54,"loc":{"start":{"line":0,"column":0},"end":{"line":0,"column":0},"skip":true},"skip":true},"10":{"name":"_createStatics","line":64,"loc":{"start":{"line":0,"column":0},"end":{"line":0,"column":0},"skip":true},"skip":true},"11":{"name":"injectSkins","line":67,"loc":{"start":{"line":35,"column":14},"end":{"line":35,"column":16}}},"12":{"name":"injectWidgets","line":71,"loc":{"start":{"line":39,"column":16},"end":{"line":39,"column":29}}},"13":{"name":"_createMixins","line":83,"loc":{"start":{"line":0,"column":0},"end":{"line":0,"column":0},"skip":true},"skip":true},"14":{"name":"_createSkin","line":88,"loc":{"start":{"line":0,"column":0},"end":{"line":0,"column":0},"skip":true},"skip":true},"15":{"name":"TmpClass","line":90,"loc":{"start":{"line":56,"column":2},"end":{"line":56,"column":23}}},"16":{"name":"_initWidgets","line":104,"loc":{"start":{"line":0,"column":0},"end":{"line":0,"column":0},"skip":true},"skip":true},"17":{"name":"defaultSkin","line":109,"loc":{"start":{"line":74,"column":20},"end":{"line":74,"column":25}}},"18":{"name":"(anonymous_18)","line":115,"loc":{"start":{"line":0,"column":0},"end":{"line":0,"column":0},"skip":true},"skip":true},"19":{"name":"(anonymous_19)","line":131,"loc":{"start":{"line":93,"column":37},"end":{"line":93,"column":53}}},"20":{"name":"Skinable","line":156,"loc":{"start":{"line":117,"column":0},"end":{"line":117,"column":37}}},"21":{"name":"(anonymous_21)","line":157,"loc":{"start":{"line":118,"column":8},"end":{"line":118,"column":27}}},"22":{"name":"(anonymous_22)","line":166,"loc":{"start":{"line":128,"column":25},"end":{"line":128,"column":37}}}},"statementMap":{"1":{"start":{"line":0,"column":0},"end":{"line":0,"column":0},"skip":true},"2":{"start":{"line":0,"column":0},"end":{"line":0,"column":0},"skip":true},"3":{"start":{"line":0,"column":0},"end":{"line":0,"column":0},"skip":true},"4":{"start":{"line":0,"column":0},"end":{"line":0,"column":0},"skip":true},"5":{"start":{"line":0,"column":0},"end":{"line":0,"column":0},"skip":true},"6":{"start":{"line":0,"column":0},"end":{"line":0,"column":0},"skip":true},"7":{"start":{"line":0,"column":0},"end":{"line":0,"column":0},"skip":true},"8":{"start":{"line":0,"column":0},"end":{"line":0,"column":0},"skip":true},"9":{"start":{"line":0,"column":0},"end":{"line":0,"column":0},"skip":true},"10":{"start":{"line":0,"column":0},"end":{"line":0,"column":0},"skip":true},"11":{"start":{"line":0,"column":0},"end":{"line":0,"column":0},"skip":true},"12":{"start":{"line":0,"column":0},"end":{"line":0,"column":0},"skip":true},"13":{"start":{"line":0,"column":0},"end":{"line":0,"column":0},"skip":true},"14":{"start":{"line":0,"column":0},"end":{"line":0,"column":0},"skip":true},"15":{"start":{"line":0,"column":0},"end":{"line":0,"column":0},"skip":true},"16":{"start":{"line":0,"column":0},"end":{"line":0,"column":0},"skip":true},"17":{"start":{"line":0,"column":0},"end":{"line":0,"column":0},"skip":true},"18":{"start":{"line":0,"column":0},"end":{"line":0,"column":0},"skip":true},"19":{"start":{"line":0,"column":0},"end":{"line":0,"column":0},"skip":true},"20":{"start":{"line":0,"column":0},"end":{"line":0,"column":0},"skip":true},"21":{"start":{"line":0,"column":0},"end":{"line":0,"column":0},"skip":true},"22":{"start":{"line":0,"column":0},"end":{"line":0,"column":0},"skip":true},"23":{"start":{"line":0,"column":0},"end":{"line":0,"column":0},"skip":true},"24":{"start":{"line":0,"column":0},"end":{"line":0,"column":0},"skip":true},"25":{"start":{"line":0,"column":0},"end":{"line":0,"column":0},"skip":true},"26":{"start":{"line":0,"column":0},"end":{"line":0,"column":0},"skip":true},"27":{"start":{"line":0,"column":0},"end":{"line":0,"column":0},"skip":true},"28":{"start":{"line":0,"column":0},"end":{"line":0,"column":0},"skip":true},"29":{"start":{"line":0,"column":0},"end":{"line":0,"column":0},"skip":true},"30":{"start":{"line":0,"column":0},"end":{"line":0,"column":0},"skip":true},"31":{"start":{"line":0,"column":0},"end":{"line":0,"column":0},"skip":true},"32":{"start":{"line":0,"column":0},"end":{"line":0,"column":0},"skip":true},"33":{"start":{"line":0,"column":0},"end":{"line":0,"column":0},"skip":true},"34":{"start":{"line":0,"column":0},"end":{"line":0,"column":0},"skip":true},"35":{"start":{"line":0,"column":0},"end":{"line":0,"column":0},"skip":true},"36":{"start":{"line":0,"column":0},"end":{"line":0,"column":0},"skip":true},"37":{"start":{"line":0,"column":0},"end":{"line":0,"column":0},"skip":true},"38":{"start":{"line":0,"column":0},"end":{"line":0,"column":0},"skip":true},"39":{"start":{"line":7,"column":0},"end":{"line":7,"column":46}},"40":{"start":{"line":0,"column":0},"end":{"line":0,"column":0},"skip":true},"41":{"start":{"line":12,"column":1},"end":{"line":14,"column":2}},"42":{"start":{"line":0,"column":0},"end":{"line":0,"column":0},"skip":true},"43":{"start":{"line":13,"column":2},"end":{"line":13,"column":28}},"44":{"start":{"line":0,"column":0},"end":{"line":0,"column":0},"skip":true},"45":{"start":{"line":17,"column":2},"end":{"line":17,"column":25}},"46":{"start":{"line":18,"column":2},"end":{"line":18,"column":46}},"47":{"start":{"line":19,"column":2},"end":{"line":19,"column":24}},"48":{"start":{"line":20,"column":2},"end":{"line":20,"column":14}},"49":{"start":{"line":24,"column":2},"end":{"line":28,"column":3}},"50":{"start":{"line":25,"column":3},"end":{"line":25,"column":40}},"51":{"start":{"line":26,"column":9},"end":{"line":28,"column":3}},"52":{"start":{"line":27,"column":3},"end":{"line":27,"column":34}},"53":{"start":{"line":29,"column":2},"end":{"line":29,"column":14}},"54":{"start":{"line":33,"column":2},"end":{"line":33,"column":18}},"55":{"start":{"line":34,"column":2},"end":{"line":47,"column":3}},"56":{"start":{"line":36,"column":4},"end":{"line":36,"column":71}},"57":{"start":{"line":37,"column":4},"end":{"line":37,"column":16}},"58":{"start":{"line":40,"column":4},"end":{"line":44,"column":5}},"59":{"start":{"line":41,"column":5},"end":{"line":41,"column":42}},"60":{"start":{"line":42,"column":11},"end":{"line":44,"column":5}},"61":{"start":{"line":43,"column":5},"end":{"line":43,"column":40}},"62":{"start":{"line":45,"column":4},"end":{"line":45,"column":16}},"63":{"start":{"line":51,"column":2},"end":{"line":51,"column":11}},"64":{"start":{"line":55,"column":2},"end":{"line":55,"column":18}},"65":{"start":{"line":56,"column":2},"end":{"line":62,"column":3}},"66":{"start":{"line":57,"column":3},"end":{"line":57,"column":33}},"67":{"start":{"line":58,"column":3},"end":{"line":58,"column":40}},"68":{"start":{"line":59,"column":3},"end":{"line":59,"column":25}},"69":{"start":{"line":60,"column":3},"end":{"line":60,"column":45}},"70":{"start":{"line":61,"column":3},"end":{"line":61,"column":36}},"71":{"start":{"line":63,"column":2},"end":{"line":63,"column":41}},"72":{"start":{"line":64,"column":2},"end":{"line":64,"column":51}},"73":{"start":{"line":65,"column":2},"end":{"line":65,"column":42}},"74":{"start":{"line":66,"column":2},"end":{"line":66,"column":18}},"75":{"start":{"line":70,"column":2},"end":{"line":70,"column":24}},"76":{"start":{"line":71,"column":2},"end":{"line":71,"column":37}},"77":{"start":{"line":72,"column":2},"end":{"line":72,"column":72}},"78":{"start":{"line":73,"column":2},"end":{"line":73,"column":56}},"79":{"start":{"line":74,"column":2},"end":{"line":74,"column":42}},"80":{"start":{"line":0,"column":0},"end":{"line":0,"column":0},"skip":true},"81":{"start":{"line":76,"column":2},"end":{"line":110,"column":3}},"82":{"start":{"line":77,"column":3},"end":{"line":109,"column":4}},"83":{"start":{"line":0,"column":0},"end":{"line":0,"column":0},"skip":true},"84":{"start":{"line":78,"column":4},"end":{"line":78,"column":35}},"85":{"start":{"line":79,"column":4},"end":{"line":79,"column":46}},"86":{"start":{"line":80,"column":4},"end":{"line":80,"column":18}},"87":{"start":{"line":81,"column":4},"end":{"line":108,"column":5}},"88":{"start":{"line":82,"column":5},"end":{"line":89,"column":6}},"89":{"start":{"line":83,"column":6},"end":{"line":83,"column":49}},"90":{"start":{"line":84,"column":6},"end":{"line":86,"column":7}},"91":{"start":{"line":85,"column":7},"end":{"line":85,"column":26}},"92":{"start":{"line":88,"column":6},"end":{"line":88,"column":25}},"93":{"start":{"line":91,"column":5},"end":{"line":91,"column":58}},"94":{"start":{"line":92,"column":11},"end":{"line":108,"column":5}},"95":{"start":{"line":93,"column":5},"end":{"line":105,"column":14}},"96":{"start":{"line":94,"column":6},"end":{"line":103,"column":7}},"97":{"start":{"line":95,"column":7},"end":{"line":102,"column":8}},"98":{"start":{"line":96,"column":8},"end":{"line":96,"column":55}},"99":{"start":{"line":97,"column":8},"end":{"line":99,"column":9}},"100":{"start":{"line":98,"column":9},"end":{"line":98,"column":32}},"101":{"start":{"line":101,"column":8},"end":{"line":101,"column":21}},"102":{"start":{"line":104,"column":6},"end":{"line":104,"column":17}},"103":{"start":{"line":107,"column":5},"end":{"line":107,"column":57}},"104":{"start":{"line":0,"column":0},"end":{"line":0,"column":0},"skip":true},"105":{"start":{"line":117,"column":0},"end":{"line":125,"column":1}},"106":{"start":{"line":118,"column":1},"end":{"line":124,"column":2}},"107":{"start":{"line":119,"column":2},"end":{"line":121,"column":3}},"108":{"start":{"line":120,"column":3},"end":{"line":120,"column":52}},"109":{"start":{"line":122,"column":2},"end":{"line":122,"column":33}},"110":{"start":{"line":123,"column":2},"end":{"line":123,"column":17}},"111":{"start":{"line":128,"column":0},"end":{"line":131,"column":2}},"112":{"start":{"line":129,"column":1},"end":{"line":129,"column":41}},"113":{"start":{"line":130,"column":1},"end":{"line":130,"column":29}},"114":{"start":{"line":133,"column":0},"end":{"line":133,"column":23}},"115":{"start":{"line":0,"column":0},"end":{"line":0,"column":0},"skip":true}},"branchMap":{"1":{"line":3,"type":"binary-expr","locations":[{"start":{"line":0,"column":0},"end":{"line":0,"column":0},"skip":true},{"start":{"line":0,"column":0},"end":{"line":0,"column":0},"skip":true}]},"2":{"line":3,"type":"if","locations":[{"start":{"line":0,"column":0},"end":{"line":0,"column":0},"skip":true},{"start":{"line":0,"column":0},"end":{"line":0,"column":0},"skip":true}]},"3":{"line":3,"type":"if","locations":[{"start":{"line":0,"column":0},"end":{"line":0,"column":0},"skip":true},{"start":{"line":0,"column":0},"end":{"line":0,"column":0},"skip":true}]},"4":{"line":3,"type":"if","locations":[{"start":{"line":0,"column":0},"end":{"line":0,"column":0},"skip":true},{"start":{"line":0,"column":0},"end":{"line":0,"column":0},"skip":true}]},"5":{"line":17,"type":"cond-expr","locations":[{"start":{"line":0,"column":0},"end":{"line":0,"column":0},"skip":true},{"start":{"line":0,"column":0},"end":{"line":0,"column":0},"skip":true}]},"6":{"line":17,"type":"binary-expr","locations":[{"start":{"line":0,"column":0},"end":{"line":0,"column":0},"skip":true},{"start":{"line":0,"column":0},"end":{"line":0,"column":0},"skip":true}]},"7":{"line":19,"type":"if","locations":[{"start":{"line":0,"column":0},"end":{"line":0,"column":0},"skip":true},{"start":{"line":0,"column":0},"end":{"line":0,"column":0},"skip":true}]},"8":{"line":55,"type":"if","locations":[{"start":{"line":24,"column":2},"end":{"line":24,"column":2}},{"start":{"line":24,"column":2},"end":{"line":24,"column":2}}]},"9":{"line":56,"type":"binary-expr","locations":[{"start":{"line":25,"column":28},"end":{"line":25,"column":33}},{"start":{"line":25,"column":37},"end":{"line":25,"column":39}}]},"10":{"line":57,"type":"if","locations":[{"start":{"line":26,"column":9},"end":{"line":26,"column":9}},{"start":{"line":26,"column":9},"end":{"line":26,"column":9}}]},"11":{"line":72,"type":"if","locations":[{"start":{"line":40,"column":4},"end":{"line":40,"column":4}},{"start":{"line":40,"column":4},"end":{"line":40,"column":4}}]},"12":{"line":73,"type":"binary-expr","locations":[{"start":{"line":41,"column":30},"end":{"line":41,"column":35}},{"start":{"line":41,"column":39},"end":{"line":41,"column":41}}]},"13":{"line":74,"type":"if","locations":[{"start":{"line":42,"column":11},"end":{"line":42,"column":11}},{"start":{"line":42,"column":11},"end":{"line":42,"column":11}}]},"14":{"line":114,"type":"if","locations":[{"start":{"line":77,"column":3},"end":{"line":77,"column":3}},{"start":{"line":77,"column":3},"end":{"line":77,"column":3}}]},"15":{"line":119,"type":"if","locations":[{"start":{"line":81,"column":4},"end":{"line":81,"column":4}},{"start":{"line":81,"column":4},"end":{"line":81,"column":4}}]},"16":{"line":122,"type":"if","locations":[{"start":{"line":84,"column":6},"end":{"line":84,"column":6}},{"start":{"line":84,"column":6},"end":{"line":84,"column":6}}]},"17":{"line":129,"type":"binary-expr","locations":[{"start":{"line":91,"column":33},"end":{"line":91,"column":42}},{"start":{"line":91,"column":46},"end":{"line":91,"column":57}}]},"18":{"line":130,"type":"if","locations":[{"start":{"line":92,"column":11},"end":{"line":92,"column":11}},{"start":{"line":92,"column":11},"end":{"line":92,"column":11}}]},"19":{"line":132,"type":"if","locations":[{"start":{"line":94,"column":6},"end":{"line":94,"column":6}},{"start":{"line":94,"column":6},"end":{"line":94,"column":6}}]},"20":{"line":132,"type":"binary-expr","locations":[{"start":{"line":94,"column":9},"end":{"line":94,"column":13}},{"start":{"line":94,"column":17},"end":{"line":94,"column":41}}]},"21":{"line":135,"type":"if","locations":[{"start":{"line":97,"column":8},"end":{"line":97,"column":8}},{"start":{"line":97,"column":8},"end":{"line":97,"column":8}}]},"22":{"line":145,"type":"binary-expr","locations":[{"start":{"line":107,"column":33},"end":{"line":107,"column":42}},{"start":{"line":107,"column":45},"end":{"line":107,"column":56}}]},"23":{"line":158,"type":"if","locations":[{"start":{"line":119,"column":2},"end":{"line":119,"column":2}},{"start":{"line":119,"column":2},"end":{"line":119,"column":2}}]}}},"/Users/wangzhili/myOpenSource/immutability-skinable-component/src/utils.js":{"path":"/Users/wangzhili/myOpenSource/immutability-skinable-component/src/utils.js","s":{"1":1,"2":0,"3":0,"4":0,"5":0,"6":0,"7":0,"8":1,"9":1,"10":1,"11":1,"12":1,"13":1,"14":1,"15":1,"16":1,"17":1,"18":1,"19":5,"20":1,"21":3,"22":3,"23":9,"24":8,"25":1,"26":9,"27":0,"28":1,"29":2,"30":2,"31":2,"32":0,"33":2,"34":2,"35":2,"36":2,"37":2,"38":1,"39":1,"40":2,"41":0,"42":0,"43":0,"44":1,"45":6,"46":6,"47":15,"48":15,"49":15,"50":0,"51":1,"52":4,"53":6,"54":6,"55":6,"56":1,"57":18,"58":1},"b":{"1":[1,0],"2":[0,0],"3":[1,0],"4":[1,1],"5":[5,5],"6":[3,0],"7":[8,1],"8":[0,2],"9":[2,0],"10":[2,0],"11":[2,0],"12":[1,1],"13":[2,1],"14":[0,0],"15":[6,0],"16":[15,0],"17":[6,0]},"f":{"1":0,"2":1,"3":5,"4":3,"5":9,"6":2,"7":6,"8":15,"9":4,"10":6,"11":18},"fnMap":{"1":{"name":"(anonymous_1)","line":3,"loc":{"start":{"line":0,"column":0},"end":{"line":0,"column":0},"skip":true},"skip":true},"2":{"name":"_interopRequireDefault","line":13,"loc":{"start":{"line":0,"column":0},"end":{"line":0,"column":0},"skip":true},"skip":true},"3":{"name":"isRef","line":21,"loc":{"start":{"line":5,"column":14},"end":{"line":5,"column":17}}},"4":{"name":"flatten","line":25,"loc":{"start":{"line":7,"column":0},"end":{"line":7,"column":22}}},"5":{"name":"(anonymous_5)","line":27,"loc":{"start":{"line":9,"column":20},"end":{"line":9,"column":34}}},"6":{"name":"deepExtend","line":40,"loc":{"start":{"line":22,"column":0},"end":{"line":22,"column":22}}},"7":{"name":"union","line":66,"loc":{"start":{"line":47,"column":0},"end":{"line":47,"column":20}}},"8":{"name":"(anonymous_8)","line":68,"loc":{"start":{"line":49,"column":20},"end":{"line":49,"column":34}}},"9":{"name":"intersection","line":79,"loc":{"start":{"line":60,"column":0},"end":{"line":60,"column":34}}},"10":{"name":"(anonymous_10)","line":80,"loc":{"start":{"line":61,"column":20},"end":{"line":61,"column":34}}},"11":{"name":"hasOwnProp","line":88,"loc":{"start":{"line":69,"column":0},"end":{"line":69,"column":31}}}},"statementMap":{"1":{"start":{"line":0,"column":0},"end":{"line":0,"column":0},"skip":true},"2":{"start":{"line":0,"column":0},"end":{"line":0,"column":0},"skip":true},"3":{"start":{"line":0,"column":0},"end":{"line":0,"column":0},"skip":true},"4":{"start":{"line":0,"column":0},"end":{"line":0,"column":0},"skip":true},"5":{"start":{"line":0,"column":0},"end":{"line":0,"column":0},"skip":true},"6":{"start":{"line":0,"column":0},"end":{"line":0,"column":0},"skip":true},"7":{"start":{"line":0,"column":0},"end":{"line":0,"column":0},"skip":true},"8":{"start":{"line":0,"column":0},"end":{"line":0,"column":0},"skip":true},"9":{"start":{"line":0,"column":0},"end":{"line":0,"column":0},"skip":true},"10":{"start":{"line":0,"column":0},"end":{"line":0,"column":0},"skip":true},"11":{"start":{"line":0,"column":0},"end":{"line":0,"column":0},"skip":true},"12":{"start":{"line":0,"column":0},"end":{"line":0,"column":0},"skip":true},"13":{"start":{"line":0,"column":0},"end":{"line":0,"column":0},"skip":true},"14":{"start":{"line":0,"column":0},"end":{"line":0,"column":0},"skip":true},"15":{"start":{"line":0,"column":0},"end":{"line":0,"column":0},"skip":true},"16":{"start":{"line":0,"column":0},"end":{"line":0,"column":0},"skip":true},"17":{"start":{"line":0,"column":0},"end":{"line":0,"column":0},"skip":true},"18":{"start":{"line":5,"column":0},"end":{"line":5,"column":46}},"19":{"start":{"line":0,"column":0},"end":{"line":0,"column":0},"skip":true},"20":{"start":{"line":7,"column":0},"end":{"line":20,"column":1}},"21":{"start":{"line":8,"column":1},"end":{"line":19,"column":2}},"22":{"start":{"line":9,"column":2},"end":{"line":16,"column":9}},"23":{"start":{"line":10,"column":3},"end":{"line":14,"column":4}},"24":{"start":{"line":11,"column":4},"end":{"line":11,"column":19}},"25":{"start":{"line":13,"column":4},"end":{"line":13,"column":36}},"26":{"start":{"line":15,"column":3},"end":{"line":15,"column":14}},"27":{"start":{"line":18,"column":2},"end":{"line":18,"column":13}},"28":{"start":{"line":22,"column":0},"end":{"line":45,"column":1}},"29":{"start":{"line":23,"column":1},"end":{"line":23,"column":42}},"30":{"start":{"line":24,"column":1},"end":{"line":24,"column":25}},"31":{"start":{"line":25,"column":1},"end":{"line":44,"column":2}},"32":{"start":{"line":26,"column":2},"end":{"line":26,"column":17}},"33":{"start":{"line":27,"column":8},"end":{"line":44,"column":2}},"34":{"start":{"line":28,"column":2},"end":{"line":41,"column":3}},"35":{"start":{"line":29,"column":3},"end":{"line":37,"column":4}},"36":{"start":{"line":30,"column":4},"end":{"line":36,"column":5}},"37":{"start":{"line":31,"column":5},"end":{"line":35,"column":6}},"38":{"start":{"line":32,"column":6},"end":{"line":32,"column":46}},"39":{"start":{"line":34,"column":6},"end":{"line":34,"column":36}},"40":{"start":{"line":38,"column":3},"end":{"line":38,"column":18}},"41":{"start":{"line":40,"column":3},"end":{"line":40,"column":18}},"42":{"start":{"line":42,"column":8},"end":{"line":44,"column":2}},"43":{"start":{"line":43,"column":2},"end":{"line":43,"column":68}},"44":{"start":{"line":47,"column":0},"end":{"line":58,"column":1}},"45":{"start":{"line":48,"column":1},"end":{"line":57,"column":2}},"46":{"start":{"line":49,"column":2},"end":{"line":54,"column":9}},"47":{"start":{"line":50,"column":3},"end":{"line":52,"column":4}},"48":{"start":{"line":51,"column":4},"end":{"line":51,"column":19}},"49":{"start":{"line":53,"column":3},"end":{"line":53,"column":14}},"50":{"start":{"line":56,"column":2},"end":{"line":56,"column":13}},"51":{"start":{"line":60,"column":0},"end":{"line":67,"column":1}},"52":{"start":{"line":61,"column":1},"end":{"line":66,"column":7}},"53":{"start":{"line":62,"column":2},"end":{"line":64,"column":3}},"54":{"start":{"line":63,"column":3},"end":{"line":63,"column":18}},"55":{"start":{"line":65,"column":2},"end":{"line":65,"column":13}},"56":{"start":{"line":69,"column":0},"end":{"line":71,"column":1}},"57":{"start":{"line":70,"column":1},"end":{"line":70,"column":33}},"58":{"start":{"line":0,"column":0},"end":{"line":0,"column":0},"skip":true}},"branchMap":{"1":{"line":3,"type":"binary-expr","locations":[{"start":{"line":0,"column":0},"end":{"line":0,"column":0},"skip":true},{"start":{"line":0,"column":0},"end":{"line":0,"column":0},"skip":true}]},"2":{"line":3,"type":"if","locations":[{"start":{"line":0,"column":0},"end":{"line":0,"column":0},"skip":true},{"start":{"line":0,"column":0},"end":{"line":0,"column":0},"skip":true}]},"3":{"line":13,"type":"cond-expr","locations":[{"start":{"line":0,"column":0},"end":{"line":0,"column":0},"skip":true},{"start":{"line":0,"column":0},"end":{"line":0,"column":0},"skip":true}]},"4":{"line":13,"type":"binary-expr","locations":[{"start":{"line":0,"column":0},"end":{"line":0,"column":0},"skip":true},{"start":{"line":0,"column":0},"end":{"line":0,"column":0},"skip":true}]},"5":{"line":22,"type":"binary-expr","locations":[{"start":{"line":5,"column":21},"end":{"line":5,"column":31}},{"start":{"line":5,"column":35},"end":{"line":5,"column":45}}]},"6":{"line":26,"type":"if","locations":[{"start":{"line":8,"column":1},"end":{"line":8,"column":1}},{"start":{"line":8,"column":1},"end":{"line":8,"column":1}}]},"7":{"line":28,"type":"if","locations":[{"start":{"line":10,"column":3},"end":{"line":10,"column":3}},{"start":{"line":10,"column":3},"end":{"line":10,"column":3}}]},"8":{"line":44,"type":"if","locations":[{"start":{"line":25,"column":1},"end":{"line":25,"column":1}},{"start":{"line":25,"column":1},"end":{"line":25,"column":1}}]},"9":{"line":46,"type":"if","locations":[{"start":{"line":27,"column":8},"end":{"line":27,"column":8}},{"start":{"line":27,"column":8},"end":{"line":27,"column":8}}]},"10":{"line":47,"type":"if","locations":[{"start":{"line":28,"column":2},"end":{"line":28,"column":2}},{"start":{"line":28,"column":2},"end":{"line":28,"column":2}}]},"11":{"line":49,"type":"if","locations":[{"start":{"line":30,"column":4},"end":{"line":30,"column":4}},{"start":{"line":30,"column":4},"end":{"line":30,"column":4}}]},"12":{"line":50,"type":"if","locations":[{"start":{"line":31,"column":5},"end":{"line":31,"column":5}},{"start":{"line":31,"column":5},"end":{"line":31,"column":5}}]},"13":{"line":50,"type":"binary-expr","locations":[{"start":{"line":31,"column":9},"end":{"line":31,"column":29}},{"start":{"line":31,"column":33},"end":{"line":31,"column":53}}]},"14":{"line":61,"type":"if","locations":[{"start":{"line":42,"column":8},"end":{"line":42,"column":8}},{"start":{"line":42,"column":8},"end":{"line":42,"column":8}}]},"15":{"line":67,"type":"if","locations":[{"start":{"line":48,"column":1},"end":{"line":48,"column":1}},{"start":{"line":48,"column":1},"end":{"line":48,"column":1}}]},"16":{"line":69,"type":"if","locations":[{"start":{"line":50,"column":3},"end":{"line":50,"column":3}},{"start":{"line":50,"column":3},"end":{"line":50,"column":3}}]},"17":{"line":81,"type":"if","locations":[{"start":{"line":62,"column":2},"end":{"line":62,"column":2}},{"start":{"line":62,"column":2},"end":{"line":62,"column":2}}]}}}}