TN:
SF:/Users/wangzhili/myOpenSource/immutability-skinable-component/testHelper/jsdomHelper.js
FN:3,(anonymous_1)
FNF:1
FNH:1
FNDA:1,(anonymous_1)
DA:1,1
DA:2,1
DA:3,0
DA:6,1
DA:7,1
DA:8,1
DA:9,1
LF:7
LH:6
BRDA:4,1,0,0
BRDA:4,1,1,1
BRDA:9,2,0,1
BRDA:9,2,1,1
BRF:4
BRH:3
end_of_record
TN:
SF:/Users/wangzhili/myOpenSource/immutability-skinable-component/src/index.js
FN:3,(anonymous_1)
FN:3,defineProperties
FN:3,(anonymous_3)
FN:17,_interopRequireDefault
FN:19,_classCallCheck
FN:37,(anonymous_6)
FN:38,SkinMaker
FN:46,registerSkins
FN:54,createWidgets
FN:64,_createStatics
FN:67,injectSkins
FN:71,injectWidgets
FN:83,_createMixins
FN:88,_createSkin
FN:90,TmpClass
FN:104,_initWidgets
FN:109,defaultSkin
FN:115,(anonymous_18)
FN:131,(anonymous_19)
FN:156,Skinable
FN:157,(anonymous_21)
FN:166,(anonymous_22)
FNF:22
FNH:21
FNDA:1,(anonymous_1)
FNDA:1,defineProperties
FNDA:1,(anonymous_3)
FNDA:2,_interopRequireDefault
FNDA:1,_classCallCheck
FNDA:1,(anonymous_6)
FNDA:1,SkinMaker
FNDA:1,registerSkins
FNDA:2,createWidgets
FNDA:2,_createStatics
FNDA:1,injectSkins
FNDA:1,injectWidgets
FNDA:2,_createMixins
FNDA:2,_createSkin
FNDA:4,TmpClass
FNDA:4,_initWidgets
FNDA:0,defaultSkin
FNDA:16,(anonymous_18)
FNDA:12,(anonymous_19)
FNDA:2,Skinable
FNDA:2,(anonymous_21)
FNDA:1,(anonymous_22)
DA:0,16
DA:7,1
DA:12,1
DA:13,1
DA:17,1
DA:18,1
DA:19,1
DA:20,1
DA:24,2
DA:25,1
DA:26,1
DA:27,1
DA:29,2
DA:33,2
DA:34,2
DA:36,1
DA:37,1
DA:40,1
DA:41,0
DA:42,1
DA:43,1
DA:45,1
DA:51,2
DA:55,2
DA:56,1
DA:57,4
DA:58,4
DA:59,4
DA:60,4
DA:61,4
DA:63,2
DA:64,2
DA:65,2
DA:66,2
DA:70,4
DA:71,4
DA:72,4
DA:73,4
DA:74,4
DA:76,4
DA:77,16
DA:78,16
DA:79,16
DA:80,16
DA:81,16
DA:82,8
DA:83,8
DA:84,8
DA:85,4
DA:88,0
DA:91,8
DA:92,8
DA:93,8
DA:94,12
DA:95,8
DA:96,8
DA:97,8
DA:98,7
DA:101,0
DA:104,12
DA:107,8
DA:117,1
DA:118,2
DA:119,2
DA:120,2
DA:122,2
DA:123,2
DA:128,1
DA:129,1
DA:130,1
DA:133,1
LF:71
LH:68
BRDA:3,1,0,6
BRDA:3,1,1,6
BRDA:3,2,0,6
BRDA:3,2,1,0
BRDA:3,3,0,1
BRDA:3,3,1,0
BRDA:3,4,0,0
BRDA:3,4,1,1
BRDA:17,5,0,1
BRDA:17,5,1,1
BRDA:17,6,0,2
BRDA:17,6,1,2
BRDA:19,7,0,0
BRDA:19,7,1,1
BRDA:55,8,0,1
BRDA:55,8,1,1
BRDA:56,9,0,1
BRDA:56,9,1,0
BRDA:57,10,0,1
BRDA:57,10,1,0
BRDA:72,11,0,0
BRDA:72,11,1,1
BRDA:73,12,0,0
BRDA:73,12,1,0
BRDA:74,13,0,1
BRDA:74,13,1,0
BRDA:114,14,0,16
BRDA:114,14,1,0
BRDA:119,15,0,8
BRDA:119,15,1,8
BRDA:122,16,0,4
BRDA:122,16,1,4
BRDA:129,17,0,8
BRDA:129,17,1,0
BRDA:130,18,0,8
BRDA:130,18,1,0
BRDA:132,19,0,8
BRDA:132,19,1,4
BRDA:132,20,0,12
BRDA:132,20,1,9
BRDA:135,21,0,7
BRDA:135,21,1,1
BRDA:145,22,0,8
BRDA:145,22,1,0
BRDA:158,23,0,2
BRDA:158,23,1,0
BRF:46
BRH:35
end_of_record
TN:
SF:/Users/wangzhili/myOpenSource/immutability-skinable-component/src/utils.js
FN:3,(anonymous_1)
FN:13,_interopRequireDefault
FN:21,isRef
FN:25,flatten
FN:27,(anonymous_5)
FN:40,deepExtend
FN:66,union
FN:68,(anonymous_8)
FN:79,intersection
FN:80,(anonymous_10)
FN:88,hasOwnProp
FNF:11
FNH:11
FNDA:0,(anonymous_1)
FNDA:1,_interopRequireDefault
FNDA:5,isRef
FNDA:3,flatten
FNDA:9,(anonymous_5)
FNDA:2,deepExtend
FNDA:6,union
FNDA:15,(anonymous_8)
FNDA:4,intersection
FNDA:6,(anonymous_10)
FNDA:18,hasOwnProp
DA:0,5
DA:5,1
DA:7,1
DA:8,3
DA:9,3
DA:10,9
DA:11,8
DA:13,1
DA:15,9
DA:18,0
DA:22,1
DA:23,2
DA:24,2
DA:25,2
DA:26,0
DA:27,2
DA:28,2
DA:29,2
DA:30,2
DA:31,2
DA:32,1
DA:34,1
DA:38,2
DA:40,0
DA:42,0
DA:43,0
DA:47,1
DA:48,6
DA:49,6
DA:50,15
DA:51,15
DA:53,15
DA:56,0
DA:60,1
DA:61,4
DA:62,6
DA:63,6
DA:65,6
DA:69,1
DA:70,18
LF:40
LH:34
BRDA:3,1,0,1
BRDA:3,1,1,0
BRDA:3,2,0,0
BRDA:3,2,1,0
BRDA:13,3,0,1
BRDA:13,3,1,0
BRDA:13,4,0,1
BRDA:13,4,1,1
BRDA:22,5,0,5
BRDA:22,5,1,5
BRDA:26,6,0,3
BRDA:26,6,1,0
BRDA:28,7,0,8
BRDA:28,7,1,1
BRDA:44,8,0,0
BRDA:44,8,1,2
BRDA:46,9,0,2
BRDA:46,9,1,0
BRDA:47,10,0,2
BRDA:47,10,1,0
BRDA:49,11,0,2
BRDA:49,11,1,0
BRDA:50,12,0,1
BRDA:50,12,1,1
BRDA:50,13,0,2
BRDA:50,13,1,1
BRDA:61,14,0,0
BRDA:61,14,1,0
BRDA:67,15,0,6
BRDA:67,15,1,0
BRDA:69,16,0,15
BRDA:69,16,1,0
BRDA:81,17,0,6
BRDA:81,17,1,0
BRF:34
BRH:24
end_of_record
